C51 COMPILER V9.05   MAX262                                                                05/25/2019 23:29:22 PAGE 1   


C51 COMPILER V9.05, COMPILATION OF MODULE MAX262
OBJECT MODULE PLACED IN max262.OBJ
COMPILER INVOKED BY: C:\Keil\C51\BIN\C51.EXE max262.c BROWSE INCDIR(..\262_51) DEBUG OBJECTEXTEND TABS(2)

line level    source

   1          //--------------------------------------------------------------------------------------------------------
             ------------
   2          //程序描述：MAX262驱动代码
   3          //
   4          // 作   者：凌智电子
   5          #include <reg52.h>
   6          #include<max262.h>
   7          #include<delay.h>
   8          #include<math.h>
   9          //---------------------------------------
  10          //功能程序区
  11          //--------------------------------------
  12          
  13          
  14          //--------------------------------------
  15          //uchar Fn(float f)
  16          //--------------------------------------
  17          //函数功能：计算Fn
  18          //入口参数：f
  19          //返回值： 控制字Fn
  20          //全局变量：无
  21          //注意事项：无
  22          //--------------------------------------
  23          uchar Fn(float f)  //频率关键字
  24          {
  25   1          uchar temp;
  26   1          temp=(fclk*637/f)-26; //原本是*2/pi;即*0.637  fclk用M单位，f单位khz
  27   1          return temp;       //具体上芯片手册上的公式
  28   1      }
  29          //--------------------------------------
  30          //uchar Qn(float q)
  31          //--------------------------------------
  32          //函数功能：计算Q的控制字n
  33          //入口参数：q
  34          //返回值： 控制字N
  35          //全局变量：无
  36          //注意事项：无
  37          //--------------------------------------
  38          uchar Qn(float q)  //品质因数关键字
  39          {
  40   1          uchar temp;
  41   1          temp=128-(64/q);  //具体看芯片手册上有公式
  42   1          return temp; 
  43   1      }
  44          
  45          //--------------------------------------------
  46          // void Filter1(uchar way,float f,float q)
  47          //--------------------------------------------
  48          //函数功能：滤波器1的模式、频率以及Q值的设置
  49          //入口参数：模式way，截止/中心 频率f， Q值q
  50          //返回值： 无
  51          //全局变量：无
  52          //注意事项：无
  53          //--------------------------------------
  54          void Filter1(uchar way,float f,float q)  // way=
C51 COMPILER V9.05   MAX262                                                                05/25/2019 23:29:22 PAGE 2   

  55          {             //因为max262芯片里面是有两个二阶滤波器AB
  56   1        uchar i =0 ;    //这里是以filter A
  57   1        uchar j =0 ;
  58   1        uchar n =0;
  59   1        uchar nn=0;
  60   1        uchar sf=0;
  61   1        uchar sq=0;
  62   1        sf=Fn(f);   //频率字
  63   1        sq=Qn(q);   //Q值为品质因数控制字
  64   1        
  65   1        P1_7=1;     // 74hc373锁存使能开
  66   1      
  67   1        WrMax262=1;  //写入端为高电平
  68   1        delayms(100);
  69   1      
  70   1        P0_0=0;  //a0~a3置为0，地址从0开始
  71   1        P0_1=0;
  72   1        P0_2=0;
  73   1        P0_3=0;
  74   1       
  75   1        WrMax262=0;              //写入端置为低电平，开始进行数据写入
  76   1        delayms(100);            //具体看芯片手册的的时序图
  77   1       
  78   1        P0_4=way&0x01;           // 0001取右边第一位的数据位, 放入P0_4
  79   1        P0_5=way&0x02;           // 0010取右边第二位的数据位, 放入P0_5
  80   1        
  81   1        delayms(100);
  82   1        WrMax262=1;              //写入端置为高电平, 数据写入停止
  83   1        delayms(100);
  84   1                  
  85   1        for(i=1;i<4;i++)         //循环3次;主要是对频率控制字进行设置
  86   1        {                          //这里以第一次"i=1"为例
  87   2          uchar b=0;
  88   2          uchar a =0;
  89   2                                   //max262地址排序为A3 A2 A1 A0
  90   2          a= pow(2,n);             // 2的n次方；a=0001
  91   2          P0_0=i&0x01;             // A0 =0001&0001=1
  92   2          P0_1=i&0x02;             // A1 =0001&0010=0
  93   2          P0_2=i&0x04;             // A2 =0001&0100=0
  94   2          P0_3=0;                  // A3, filterA地址中A3为0，具体看芯片手册
  95   2                                   // 所以在i=1时，地址为A3 A2 A1 A0=0001
  96   2          delayms(100);
  97   2          WrMax262=0;              //写入端置低电平，开始写入数据操作
  98   2          delayms(100);
  99   2          
 100   2          P0_4=sf & (a&0xff);      // sf & a
 101   2          n++;                     //每次循环n++
 102   2          b=pow(2,n);          // b=2的n次方，b=4=0100
 103   2          P0_5=sf & (b&0xff);    //sf & 0100
 104   2          delayms(100);
 105   2          WrMax262=1;              //写入端置高电平，停止数据写入
 106   2          delayms(100);
 107   2          n++;                     //n++
 108   2        }
 109   1        
 110   1        for(j=4;j<7;j++)   //这个循环主要以品质因数控制字进行控制
 111   1        {                  //具体看芯片手册上的详细介绍
 112   2          uchar bb =0;
 113   2          uchar aa =0;     //这里还是以第一次循环为例，后面的循环要自己算上去
 114   2          aa= pow(2,nn);   //aa=2的0次方，1=0001 ,还是先设置地址参数
 115   2                           //J以4为开始位
 116   2      
C51 COMPILER V9.05   MAX262                                                                05/25/2019 23:29:22 PAGE 3   

 117   2          P0_0=j&0x01;   // A0= j&0001
 118   2          P0_1=j&0x02;   // A1= j&0010
 119   2          P0_2=j&0x04;   // A2= J&0100
 120   2          P0_3=0;        // A3=0
 121   2                         //地址为A0 A1 A2 A3
 122   2          delayms(100);   
 123   2          WrMax262=0;        //写入端置为低电平，开始数据写入
 124   2          delayms(100);
 125   2          
 126   2          P0_4=sq&(aa&0xff);     //D0=sq&aa
 127   2          nn++; 
 128   2          bb = pow(2,nn);
 129   2          P0_5=sq&(bb&0xff);     //D1=sq&bb 
 130   2          
 131   2          delayms(100);
 132   2          WrMax262=1;        //写入端置为高电平，数据写入停止
 133   2          delayms(100);
 134   2          nn++;   
 135   2        }
 136   1        
 137   1        P0_0=7&0x01;   //A0=0111 &  0001=1
 138   1        P0_1=7&0x02;   //A1=0111 &  0010=1
 139   1        P0_2=7&0x04;   //A2=0111 &  0100=1
 140   1        P0_3=0;        //A3=0
 141   1                       //地址A3 A2 A1 A0=0111;
 142   1        delayms(100);
 143   1        WrMax262=0;    //写入端置为低电平，开始数据写入
 144   1        delayms(100);
 145   1      
 146   1        P0_4=sq&0x40;   // D0=sq & 0100
 147   1        
 148   1        delayms(100);
 149   1        WrMax262=1;   //写入端置为高电平，数据写入停止
 150   1        delayms(100);
 151   1      
 152   1        P1_7=0;     //锁存器74hc373使能端置低电平，
 153   1      }
 154          
 155          //--------------------------------------------
 156          // void Filter2(uchar way,float f,float q)
 157          //--------------------------------------------
 158          //函数功能：滤波器2的模式、频率以及Q值的设置
 159          //入口参数：模式way，截止/中心 频率f， Q值q
 160          //返回值： 无
 161          //全局变量：无
 162          //注意事项：无           
 163          //--------------------------------------------
 164          void Filter2(uchar way,float f,float q)  //与上面 void Filter1 的一样的 
 165          {
 166   1        uchar i =0 ;
 167   1        uchar j =0 ;
 168   1        uchar n =0;
 169   1        uchar nn=0;
 170   1        uchar sf=0;
 171   1        uchar sq=0;
 172   1        sf=Fn(f);
 173   1        sq=Qn(q);
 174   1        
 175   1        P1_7=1;
 176   1      
 177   1        WrMax262=1; 
 178   1        delayms(100);
C51 COMPILER V9.05   MAX262                                                                05/25/2019 23:29:22 PAGE 4   

 179   1      
 180   1        P0_0=0;
 181   1        P0_1=0;
 182   1        P0_2=0;
 183   1        P0_3=1;
 184   1       
 185   1        WrMax262=0;
 186   1        delayms(100);
 187   1       
 188   1        P0_4=way&0x01;
 189   1        P0_5=way&0x02;
 190   1        
 191   1        delayms(100);
 192   1        WrMax262=1;
 193   1        delayms(100);
 194   1          
 195   1        for(i=1;i<4;i++)
 196   1        {   
 197   2          uchar b=0;
 198   2          uchar a =0;
 199   2          
 200   2          a= pow(2,n);
 201   2          P0_0=i&0x01;
 202   2          P0_1=i&0x02;
 203   2          P0_2=i&0x04;
 204   2          P0_3=1;
 205   2          
 206   2          delayms(100);
 207   2          WrMax262=0;
 208   2          delayms(100);
 209   2          
 210   2          P0_4=sf & (a&0xff);
 211   2          n++;  
 212   2          b = pow(2,n);
 213   2          P0_5=sf & (b&0xff);
 214   2          delayms(100);
 215   2          WrMax262=1;
 216   2          delayms(100);
 217   2          n++;
 218   2        }
 219   1        
 220   1        for(j=4;j<7;j++)
 221   1        { 
 222   2          uchar bb =0;
 223   2          uchar aa =0;
 224   2          aa= pow(2,nn);
 225   2          P0_0=j&0x01;
 226   2          P0_1=j&0x02;
 227   2          P0_2=j&0x04;
 228   2          P0_3=1; 
 229   2          
 230   2          delayms(100);   
 231   2          WrMax262=0; 
 232   2          delayms(100);
 233   2          
 234   2          P0_4=sq&(aa&0xff);
 235   2          nn++; 
 236   2          bb = pow(2,nn);
 237   2          P0_5=sq&(bb&0xff);  
 238   2          
 239   2          delayms(100);
 240   2          WrMax262=1;
C51 COMPILER V9.05   MAX262                                                                05/25/2019 23:29:22 PAGE 5   

 241   2          delayms(100);
 242   2          nn++;   
 243   2        }
 244   1        
 245   1        P0_0=7&0x01;
 246   1        P0_1=7&0x02;
 247   1        P0_2=7&0x04;
 248   1        P0_3=1;
 249   1      
 250   1        delayms(100);
 251   1        WrMax262=0;
 252   1        delayms(100);
 253   1      
 254   1        P0_4=sq&0x40;
 255   1        
 256   1        delayms(100);
 257   1        WrMax262=1;
 258   1        delayms(100);
 259   1      
 260   1        P1_7=0;
 261   1      }


MODULE INFORMATION:   STATIC OVERLAYABLE
   CODE SIZE        =    954    ----
   CONSTANT SIZE    =   ----    ----
   XDATA SIZE       =   ----    ----
   PDATA SIZE       =   ----    ----
   DATA SIZE        =   ----      34
   IDATA SIZE       =   ----    ----
   BIT SIZE         =   ----    ----
END OF MODULE INFORMATION.


C51 COMPILATION COMPLETE.  0 WARNING(S),  0 ERROR(S)
